C:\USERS\KAIYING LIAO\DOCUMENTS\GITHUB\6.837-FINAL-PROJECT\TWO\OBJ\DEBUG\BITMAP.OBJ
C:\USERS\KAIYING LIAO\DOCUMENTS\GITHUB\6.837-FINAL-PROJECT\TWO\OBJ\DEBUG\CAMERA.OBJ
C:\USERS\KAIYING LIAO\DOCUMENTS\GITHUB\6.837-FINAL-PROJECT\TWO\OBJ\DEBUG\JOINT.OBJ
C:\USERS\KAIYING LIAO\DOCUMENTS\GITHUB\6.837-FINAL-PROJECT\TWO\OBJ\DEBUG\MAIN.OBJ
C:\USERS\KAIYING LIAO\DOCUMENTS\GITHUB\6.837-FINAL-PROJECT\TWO\OBJ\DEBUG\MATRIXSTACK.OBJ
C:\USERS\KAIYING LIAO\DOCUMENTS\GITHUB\6.837-FINAL-PROJECT\TWO\OBJ\DEBUG\MESH.OBJ
C:\USERS\KAIYING LIAO\DOCUMENTS\GITHUB\6.837-FINAL-PROJECT\TWO\OBJ\DEBUG\MODELERAPP.OBJ
C:\USERS\KAIYING LIAO\DOCUMENTS\GITHUB\6.837-FINAL-PROJECT\TWO\OBJ\DEBUG\MODELERUI.OBJ
C:\USERS\KAIYING LIAO\DOCUMENTS\GITHUB\6.837-FINAL-PROJECT\TWO\OBJ\DEBUG\MODELERVIEW.OBJ
C:\USERS\KAIYING LIAO\DOCUMENTS\GITHUB\6.837-FINAL-PROJECT\TWO\OBJ\DEBUG\SKELETALMODEL.OBJ
C:\USERS\KAIYING LIAO\DOCUMENTS\GITHUB\6.837-FINAL-PROJECT\TWO\OBJ\DEBUG\VC100.PDB
C:\USERS\KAIYING LIAO\DOCUMENTS\GITHUB\6.837-FINAL-PROJECT\TWO\OBJ\DEBUG\TEXTURE.OBJ
C:\USERS\KAIYING LIAO\DOCUMENTS\GITHUB\6.837-FINAL-PROJECT\TWO\OBJ\DEBUG\BLENDSHAPE.OBJ
C:\USERS\KAIYING LIAO\DOCUMENTS\GITHUB\6.837-FINAL-PROJECT\TWO\DEBUG\A2.ILK
C:\USERS\KAIYING LIAO\DOCUMENTS\GITHUB\6.837-FINAL-PROJECT\TWO\DEBUG\A2.EXE
C:\USERS\KAIYING LIAO\DOCUMENTS\GITHUB\6.837-FINAL-PROJECT\TWO\OBJ\DEBUG\A2.EXE.INTERMEDIATE.MANIFEST
C:\USERS\KAIYING LIAO\DOCUMENTS\GITHUB\6.837-FINAL-PROJECT\TWO\DEBUG\A2.PDB
C:\USERS\KAIYING LIAO\DOCUMENTS\GITHUB\6.837-FINAL-PROJECT\TWO\OBJ\DEBUG\A2.EXE.EMBED.MANIFEST
C:\USERS\KAIYING LIAO\DOCUMENTS\GITHUB\6.837-FINAL-PROJECT\TWO\OBJ\DEBUG\A2.EXE.EMBED.MANIFEST.RES
C:\Users\Kaiying Liao\Documents\GitHub\6.837-Final-Project\two\obj\Debug\bitmap.obj
C:\Users\Kaiying Liao\Documents\GitHub\6.837-Final-Project\two\obj\Debug\BlendShape.obj
C:\Users\Kaiying Liao\Documents\GitHub\6.837-Final-Project\two\obj\Debug\camera.obj
C:\Users\Kaiying Liao\Documents\GitHub\6.837-Final-Project\two\obj\Debug\Joint.obj
C:\Users\Kaiying Liao\Documents\GitHub\6.837-Final-Project\two\obj\Debug\main.obj
C:\Users\Kaiying Liao\Documents\GitHub\6.837-Final-Project\two\obj\Debug\MatrixStack.obj
C:\Users\Kaiying Liao\Documents\GitHub\6.837-Final-Project\two\obj\Debug\Mesh.obj
C:\Users\Kaiying Liao\Documents\GitHub\6.837-Final-Project\two\obj\Debug\modelerapp.obj
C:\Users\Kaiying Liao\Documents\GitHub\6.837-Final-Project\two\obj\Debug\modelerui.obj
C:\Users\Kaiying Liao\Documents\GitHub\6.837-Final-Project\two\obj\Debug\ModelerView.obj
C:\Users\Kaiying Liao\Documents\GitHub\6.837-Final-Project\two\obj\Debug\SkeletalModel.obj
C:\Users\Kaiying Liao\Documents\GitHub\6.837-Final-Project\two\obj\Debug\texture.obj
C:\Users\Kaiying Liao\Documents\GitHub\6.837-Final-Project\two\obj\Debug\cl.command.1.tlog
C:\Users\Kaiying Liao\Documents\GitHub\6.837-Final-Project\two\obj\Debug\CL.read.1.tlog
C:\Users\Kaiying Liao\Documents\GitHub\6.837-Final-Project\two\obj\Debug\CL.write.1.tlog
C:\Users\Kaiying Liao\Documents\GitHub\6.837-Final-Project\two\obj\Debug\link-cvtres.read.1.tlog
C:\Users\Kaiying Liao\Documents\GitHub\6.837-Final-Project\two\obj\Debug\link-cvtres.write.1.tlog
C:\Users\Kaiying Liao\Documents\GitHub\6.837-Final-Project\two\obj\Debug\link.1064-cvtres.read.1.tlog
C:\Users\Kaiying Liao\Documents\GitHub\6.837-Final-Project\two\obj\Debug\link.1064-cvtres.write.1.tlog
C:\Users\Kaiying Liao\Documents\GitHub\6.837-Final-Project\two\obj\Debug\link.1064.read.1.tlog
C:\Users\Kaiying Liao\Documents\GitHub\6.837-Final-Project\two\obj\Debug\link.1064.write.1.tlog
C:\Users\Kaiying Liao\Documents\GitHub\6.837-Final-Project\two\obj\Debug\link.11676-cvtres.read.1.tlog
C:\Users\Kaiying Liao\Documents\GitHub\6.837-Final-Project\two\obj\Debug\link.11676-cvtres.write.1.tlog
C:\Users\Kaiying Liao\Documents\GitHub\6.837-Final-Project\two\obj\Debug\link.11676.read.1.tlog
C:\Users\Kaiying Liao\Documents\GitHub\6.837-Final-Project\two\obj\Debug\link.11676.write.1.tlog
C:\Users\Kaiying Liao\Documents\GitHub\6.837-Final-Project\two\obj\Debug\link.12496-cvtres.read.1.tlog
C:\Users\Kaiying Liao\Documents\GitHub\6.837-Final-Project\two\obj\Debug\link.12496-cvtres.write.1.tlog
C:\Users\Kaiying Liao\Documents\GitHub\6.837-Final-Project\two\obj\Debug\link.12496.read.1.tlog
C:\Users\Kaiying Liao\Documents\GitHub\6.837-Final-Project\two\obj\Debug\link.12496.write.1.tlog
C:\Users\Kaiying Liao\Documents\GitHub\6.837-Final-Project\two\obj\Debug\link.13140-cvtres.read.1.tlog
C:\Users\Kaiying Liao\Documents\GitHub\6.837-Final-Project\two\obj\Debug\link.13140-cvtres.write.1.tlog
C:\Users\Kaiying Liao\Documents\GitHub\6.837-Final-Project\two\obj\Debug\link.13140.read.1.tlog
C:\Users\Kaiying Liao\Documents\GitHub\6.837-Final-Project\two\obj\Debug\link.13140.write.1.tlog
C:\Users\Kaiying Liao\Documents\GitHub\6.837-Final-Project\two\obj\Debug\link.4864-cvtres.read.1.tlog
C:\Users\Kaiying Liao\Documents\GitHub\6.837-Final-Project\two\obj\Debug\link.4864-cvtres.write.1.tlog
C:\Users\Kaiying Liao\Documents\GitHub\6.837-Final-Project\two\obj\Debug\link.4864.read.1.tlog
C:\Users\Kaiying Liao\Documents\GitHub\6.837-Final-Project\two\obj\Debug\link.4864.write.1.tlog
C:\Users\Kaiying Liao\Documents\GitHub\6.837-Final-Project\two\obj\Debug\link.7728-cvtres.read.1.tlog
C:\Users\Kaiying Liao\Documents\GitHub\6.837-Final-Project\two\obj\Debug\link.7728-cvtres.write.1.tlog
C:\Users\Kaiying Liao\Documents\GitHub\6.837-Final-Project\two\obj\Debug\link.7728.read.1.tlog
C:\Users\Kaiying Liao\Documents\GitHub\6.837-Final-Project\two\obj\Debug\link.7728.write.1.tlog
C:\Users\Kaiying Liao\Documents\GitHub\6.837-Final-Project\two\obj\Debug\link.7984-cvtres.read.1.tlog
C:\Users\Kaiying Liao\Documents\GitHub\6.837-Final-Project\two\obj\Debug\link.7984-cvtres.write.1.tlog
C:\Users\Kaiying Liao\Documents\GitHub\6.837-Final-Project\two\obj\Debug\link.7984.read.1.tlog
C:\Users\Kaiying Liao\Documents\GitHub\6.837-Final-Project\two\obj\Debug\link.7984.write.1.tlog
C:\Users\Kaiying Liao\Documents\GitHub\6.837-Final-Project\two\obj\Debug\link.9236-cvtres.read.1.tlog
C:\Users\Kaiying Liao\Documents\GitHub\6.837-Final-Project\two\obj\Debug\link.9236-cvtres.write.1.tlog
C:\Users\Kaiying Liao\Documents\GitHub\6.837-Final-Project\two\obj\Debug\link.9236.read.1.tlog
C:\Users\Kaiying Liao\Documents\GitHub\6.837-Final-Project\two\obj\Debug\link.9236.write.1.tlog
C:\Users\Kaiying Liao\Documents\GitHub\6.837-Final-Project\two\obj\Debug\link.9304-cvtres.read.1.tlog
C:\Users\Kaiying Liao\Documents\GitHub\6.837-Final-Project\two\obj\Debug\link.9304-cvtres.write.1.tlog
C:\Users\Kaiying Liao\Documents\GitHub\6.837-Final-Project\two\obj\Debug\link.9304.read.1.tlog
C:\Users\Kaiying Liao\Documents\GitHub\6.837-Final-Project\two\obj\Debug\link.9304.write.1.tlog
C:\Users\Kaiying Liao\Documents\GitHub\6.837-Final-Project\two\obj\Debug\link.command.1.tlog
C:\Users\Kaiying Liao\Documents\GitHub\6.837-Final-Project\two\obj\Debug\link.read.1.tlog
C:\Users\Kaiying Liao\Documents\GitHub\6.837-Final-Project\two\obj\Debug\link.write.1.tlog
C:\Users\Kaiying Liao\Documents\GitHub\6.837-Final-Project\two\obj\Debug\mt.command.1.tlog
C:\Users\Kaiying Liao\Documents\GitHub\6.837-Final-Project\two\obj\Debug\mt.read.1.tlog
C:\Users\Kaiying Liao\Documents\GitHub\6.837-Final-Project\two\obj\Debug\mt.write.1.tlog
C:\Users\Kaiying Liao\Documents\GitHub\6.837-Final-Project\two\obj\Debug\rc.command.1.tlog
C:\Users\Kaiying Liao\Documents\GitHub\6.837-Final-Project\two\obj\Debug\rc.read.1.tlog
C:\Users\Kaiying Liao\Documents\GitHub\6.837-Final-Project\two\obj\Debug\rc.write.1.tlog
C:\Users\Kaiying Liao\Documents\GitHub\6.837-Final-Project\two\obj\Debug\a2.exe.embed.manifest
C:\Users\Kaiying Liao\Documents\GitHub\6.837-Final-Project\two\obj\Debug\a2.exe.intermediate.manifest
C:\Users\Kaiying Liao\Documents\GitHub\6.837-Final-Project\two\obj\Debug\a2.exe.embed.manifest.res
C:\Users\Kaiying Liao\Documents\GitHub\6.837-Final-Project\two\obj\Debug\vc100.idb
C:\Users\Kaiying Liao\Documents\GitHub\6.837-Final-Project\two\obj\Debug\vc100.pdb
C:\Users\Kaiying Liao\Documents\GitHub\6.837-Final-Project\two\obj\Debug\a2_manifest.rc
C:\Users\Kaiying Liao\Documents\GitHub\6.837-Final-Project\two\debug\a2.exe
