Build started 12/2/2013 9:49:03 PM.
     1>Project "C:\Users\Kaiying Liao\Documents\GitHub\6.837-Final-Project\two\a2.vcxproj" on node 2 (Build target(s)).
     1>ClCompile:
         c:\Program Files (x86)\Microsoft Visual Studio 10.0\VC\bin\CL.exe /c /Ivecmath\include /Iinclude /ZI /nologo /W3 /WX- /Od /Oy- /D _DEBUG /D DEBUG /D _MBCS /Gm /EHsc /RTC1 /MDd /GS /Gy /fp:precise /Zc:wchar_t /Zc:forScope /Fo"obj\Debug\\" /Fd"obj\Debug\vc100.pdb" /Gd /TP /analyze- /errorReport:prompt src\Mesh.cpp /D WIN32 
         Mesh.cpp
     1>c:\program files (x86)\microsoft visual studio 10.0\vc\include\xutility(2227): warning C4996: 'std::_Copy_impl': Function call with parameters that may be unsafe - this call relies on the caller to check that the passed values are correct. To disable this warning, use -D_SCL_SECURE_NO_WARNINGS. See documentation on how to use Visual C++ 'Checked Iterators'
                 c:\program files (x86)\microsoft visual studio 10.0\vc\include\xutility(2212) : see declaration of 'std::_Copy_impl'
                 c:\users\kaiying liao\documents\github\6.837-final-project\two\src\bitmap_image.h(159) : see reference to function template instantiation '_OutIt std::copy<unsigned char*,unsigned char*>(_InIt,_InIt,_OutIt)' being compiled
                 with
                 [
                     _OutIt=unsigned char *,
                     _InIt=unsigned char *
                 ]
       Link:
         c:\Program Files (x86)\Microsoft Visual Studio 10.0\VC\bin\link.exe /ERRORREPORT:PROMPT /OUT:"debug\a2.exe" /INCREMENTAL /NOLOGO /LIBPATH:lib freeglut.lib fltk.lib fltkgl.lib fltkforms.lib fltkimages.lib fltkzlib.lib fltkjpeg.lib fltkpng.lib debug\vecmath.lib glew32.lib glew32s.lib kernel32.lib user32.lib gdi32.lib winspool.lib comdlg32.lib advapi32.lib shell32.lib ole32.lib oleaut32.lib uuid.lib odbc32.lib odbccp32.lib /MANIFEST /ManifestFile:"obj\Debug\a2.exe.intermediate.manifest" /MANIFESTUAC:"level='asInvoker' uiAccess='false'" /DEBUG /PDB:"C:\Users\Kaiying Liao\Documents\GitHub\6.837-Final-Project\two\debug\a2.pdb" /SUBSYSTEM:CONSOLE /TLBID:1 /ENTRY:"mainCRTStartup" /DYNAMICBASE /NXCOMPAT /IMPLIB:"debug\a2.lib" /MACHINE:X86 obj\Debug\a2.exe.embed.manifest.res
         obj\Debug\bitmap.obj
         obj\Debug\BlendShape.obj
         obj\Debug\camera.obj
         obj\Debug\Joint.obj
         obj\Debug\main.obj
         obj\Debug\MatrixStack.obj
         obj\Debug\Mesh.obj
         obj\Debug\modelerapp.obj
         obj\Debug\modelerui.obj
         obj\Debug\ModelerView.obj
         obj\Debug\SkeletalModel.obj
         obj\Debug\texture.obj
       Manifest:
         c:\Program Files (x86)\Microsoft SDKs\Windows\v7.0A\bin\mt.exe /nologo /verbose /out:"obj\Debug\a2.exe.embed.manifest" /manifest obj\Debug\a2.exe.intermediate.manifest
       LinkEmbedManifest:
         a2.vcxproj -> C:\Users\Kaiying Liao\Documents\GitHub\6.837-Final-Project\two\debug\a2.exe
     1>Done Building Project "C:\Users\Kaiying Liao\Documents\GitHub\6.837-Final-Project\two\a2.vcxproj" (Build target(s)).

Build succeeded.

Time Elapsed 00:00:01.54
