Build started 12/1/2013 3:56:49 AM.
     1>Project "C:\Users\Kaiying Liao\Documents\GitHub\6.837-Final-Project\two\vecmath\vecmath.vcxproj" on node 2 (Build target(s)).
     1>ClCompile:
         c:\Program Files (x86)\Microsoft Visual Studio 10.0\VC\bin\CL.exe /c /Iinclude /ZI /nologo /W3 /WX- /Od /Oy- /D Debug /D _MBCS /Gm /EHsc /RTC1 /MDd /GS /Gy /fp:precise /Zc:wchar_t /Zc:forScope /Fo"obj\Debug\\" /Fd"obj\Debug\vc100.pdb" /Gd /TP /analyze- /errorReport:prompt src\Matrix2f.cpp src\Matrix3f.cpp src\Matrix4f.cpp src\Quat4f.cpp src\Vector2f.cpp src\Vector3f.cpp src\Vector4f.cpp /D WIN32 
         Vector4f.cpp
         Vector3f.cpp
         Vector2f.cpp
         Quat4f.cpp
         Matrix4f.cpp
         Matrix3f.cpp
         Matrix2f.cpp
         Generating Code...
       Lib:
         c:\Program Files (x86)\Microsoft Visual Studio 10.0\VC\bin\Lib.exe /OUT:"..\debug\vecmath.lib" /NOLOGO obj\Debug\Matrix2f.obj
         obj\Debug\Matrix3f.obj
         obj\Debug\Matrix4f.obj
         obj\Debug\Quat4f.obj
         obj\Debug\Vector2f.obj
         obj\Debug\Vector3f.obj
         obj\Debug\Vector4f.obj
         vecmath.vcxproj -> C:\Users\Kaiying Liao\Documents\GitHub\6.837-Final-Project\two\vecmath\..\debug\vecmath.lib
     1>Done Building Project "C:\Users\Kaiying Liao\Documents\GitHub\6.837-Final-Project\two\vecmath\vecmath.vcxproj" (Build target(s)).

Build succeeded.

Time Elapsed 00:00:00.49
