C:\USERS\KAIYING LIAO\DOCUMENTS\GITHUB\6.837-FINAL-PROJECT\TWO\VECMATH\OBJ\DEBUG\MATRIX2F.OBJ
C:\USERS\KAIYING LIAO\DOCUMENTS\GITHUB\6.837-FINAL-PROJECT\TWO\VECMATH\OBJ\DEBUG\MATRIX3F.OBJ
C:\USERS\KAIYING LIAO\DOCUMENTS\GITHUB\6.837-FINAL-PROJECT\TWO\VECMATH\OBJ\DEBUG\MATRIX4F.OBJ
C:\USERS\KAIYING LIAO\DOCUMENTS\GITHUB\6.837-FINAL-PROJECT\TWO\VECMATH\OBJ\DEBUG\QUAT4F.OBJ
C:\USERS\KAIYING LIAO\DOCUMENTS\GITHUB\6.837-FINAL-PROJECT\TWO\VECMATH\OBJ\DEBUG\VECTOR2F.OBJ
C:\USERS\KAIYING LIAO\DOCUMENTS\GITHUB\6.837-FINAL-PROJECT\TWO\VECMATH\OBJ\DEBUG\VECTOR3F.OBJ
C:\USERS\KAIYING LIAO\DOCUMENTS\GITHUB\6.837-FINAL-PROJECT\TWO\VECMATH\OBJ\DEBUG\VECTOR4F.OBJ
C:\USERS\KAIYING LIAO\DOCUMENTS\GITHUB\6.837-FINAL-PROJECT\TWO\VECMATH\OBJ\DEBUG\VC100.PDB
C:\USERS\KAIYING LIAO\DOCUMENTS\GITHUB\6.837-FINAL-PROJECT\TWO\DEBUG\VECMATH.LIB
C:\Users\Kaiying Liao\Documents\GitHub\6.837-Final-Project\two\vecmath\obj\Debug\Matrix2f.obj
C:\Users\Kaiying Liao\Documents\GitHub\6.837-Final-Project\two\vecmath\obj\Debug\Matrix3f.obj
C:\Users\Kaiying Liao\Documents\GitHub\6.837-Final-Project\two\vecmath\obj\Debug\Matrix4f.obj
C:\Users\Kaiying Liao\Documents\GitHub\6.837-Final-Project\two\vecmath\obj\Debug\Quat4f.obj
C:\Users\Kaiying Liao\Documents\GitHub\6.837-Final-Project\two\vecmath\obj\Debug\Vector2f.obj
C:\Users\Kaiying Liao\Documents\GitHub\6.837-Final-Project\two\vecmath\obj\Debug\Vector3f.obj
C:\Users\Kaiying Liao\Documents\GitHub\6.837-Final-Project\two\vecmath\obj\Debug\Vector4f.obj
C:\Users\Kaiying Liao\Documents\GitHub\6.837-Final-Project\two\vecmath\obj\Debug\cl.command.1.tlog
C:\Users\Kaiying Liao\Documents\GitHub\6.837-Final-Project\two\vecmath\obj\Debug\CL.read.1.tlog
C:\Users\Kaiying Liao\Documents\GitHub\6.837-Final-Project\two\vecmath\obj\Debug\CL.write.1.tlog
C:\Users\Kaiying Liao\Documents\GitHub\6.837-Final-Project\two\vecmath\obj\Debug\Lib-link.read.1.tlog
C:\Users\Kaiying Liao\Documents\GitHub\6.837-Final-Project\two\vecmath\obj\Debug\Lib-link.write.1.tlog
C:\Users\Kaiying Liao\Documents\GitHub\6.837-Final-Project\two\vecmath\obj\Debug\lib.command.1.tlog
C:\Users\Kaiying Liao\Documents\GitHub\6.837-Final-Project\two\vecmath\obj\Debug\vc100.idb
C:\Users\Kaiying Liao\Documents\GitHub\6.837-Final-Project\two\vecmath\obj\Debug\vc100.pdb
C:\Users\Kaiying Liao\Documents\GitHub\6.837-Final-Project\two\vecmath\..\debug\vecmath.lib
